Line 17: Class XtremeSuiteControls.ListView of control lvFiles was not a loaded control class.
Line 41: Class XtremeSuiteControls.PushButton of control cmdExit was not a loaded control class.
Line 55: Class XtremeSuiteControls.PushButton of control cmdCrypt was not a loaded control class.
Line 78: Class XtremeSuiteControls.GroupBox of control gBox1 was not a loaded control class.
Line 99: Class XtremeSuiteControls.GroupBox of control grpClone was not a loaded control class.
Line 120: Class XtremeSuiteControls.FlatEdit of control txtClone was not a loaded control class.
Line 143: Class XtremeSuiteControls.CheckBox of control chkClone was not a loaded control class.
Line 173: Class XtremeSuiteControls.GroupBox of control grpIcon was not a loaded control class.
Line 194: Class XtremeSuiteControls.FlatEdit of control txtIcon was not a loaded control class.
Line 217: Class XtremeSuiteControls.CheckBox of control chkIcon was not a loaded control class.
Line 247: Class XtremeSuiteControls.GroupBox of control grpExtra was not a loaded control class.
Line 268: Class XtremeSuiteControls.PushButton of control cmdEOFHelp was not a loaded control class.
Line 290: Class XtremeSuiteControls.CheckBox of control chkEOF was not a loaded control class.
Line 312: Class XtremeSuiteControls.CheckBox of control chkRPE was not a loaded control class.
Line 342: Class XtremeSuiteControls.GroupBox of control grpEnc was not a loaded control class.
Line 363: Class XtremeSuiteControls.PushButton of control cmdGenKey was not a loaded control class.
Line 376: Class XtremeSuiteControls.FlatEdit of control txtKey was not a loaded control class.
Line 399: Class XtremeSuiteControls.CheckBox of control chkEncryption was not a loaded control class.
Line 431: Class XtremeSuiteControls.GroupBox of control grpStub was not a loaded control class.
Line 452: Class XtremeSuiteControls.FlatEdit of control txtStub was not a loaded control class.
Line 475: Class XtremeSuiteControls.CheckBox of control chkStub was not a loaded control class.
Line 505: Class XtremeSuiteControls.GroupBox of control grpAnti was not a loaded control class.
Line 526: Class XtremeSuiteControls.CheckBox of control chkVMware was not a loaded control class.
Line 548: Class XtremeSuiteControls.CheckBox of control chkCWSandbox was not a loaded control class.
Line 570: Class XtremeSuiteControls.CheckBox of control chkVPC was not a loaded control class.
Line 592: Class XtremeSuiteControls.CheckBox of control chkVBox was not a loaded control class.
Line 614: Class XtremeSuiteControls.CheckBox of control chkJoebox was not a loaded control class.
Line 636: Class XtremeSuiteControls.CheckBox of control chkAnubis was not a loaded control class.
Line 658: Class XtremeSuiteControls.CheckBox of control chkThreatExpert was not a loaded control class.
Line 680: Class XtremeSuiteControls.CheckBox of control chkSandboxie was not a loaded control class.
Line 718: Class XtremeSuiteControls.PushButton of control cmdClearList was not a loaded control class.
Line 741: Class XtremeSuiteControls.PushButton of control cmdAddFile was not a loaded control class.
Line 764: Class XtremeSuiteControls.CommonDialog of control CloneDialog was not a loaded control class.
Line 773: Class XtremeSuiteControls.CommonDialog of control IconDialog was not a loaded control class.
Line 782: Class XtremeSuiteControls.CommonDialog of control SaveDialog was not a loaded control class.
Line 791: Class XtremeSuiteControls.CommonDialog of control StubDialog was not a loaded control class.
Line 800: Class XtremeSuiteControls.CommonDialog of control CD was not a loaded control class.
